Line 17: Class ChamaleonBtn.chameleonButton of control cmdCalendarioDataF was not a loaded control class.
Line 55: Class ChamaleonBtn.chameleonButton of control cmdCalendarioDataI was not a loaded control class.
Line 185: Class cTextBox.cText of control txtNomeLivro was not a loaded control class.
Line 254: Class cTextBox.cText of control txtNomeAluno was not a loaded control class.
Line 315: Class cTextBox.cText of control txtDataEmprestimoFinal was not a loaded control class.
Line 343: Class cTextBox.cText of control txtDataEmprestimoInicial was not a loaded control class.
Line 408: Class ChamaleonBtn.chameleonButton of control cmdImprimir was not a loaded control class.
Line 448: Class ChamaleonBtn.chameleonButton of control cmdVoltar was not a loaded control class.
Line 23: The property name _ExtentX in cmdCalendarioDataF is invalid.
Line 24: The property name _ExtentY in cmdCalendarioDataF is invalid.
Line 25: The property name BTYPE in cmdCalendarioDataF is invalid.
Line 26: The property name TX in cmdCalendarioDataF is invalid.
Line 27: The property name ENAB in cmdCalendarioDataF is invalid.
Line 37: The property name COLTYPE in cmdCalendarioDataF is invalid.
Line 38: The property name FOCUSR in cmdCalendarioDataF is invalid.
Line 39: The property name BCOL in cmdCalendarioDataF is invalid.
Line 40: The property name BCOLO in cmdCalendarioDataF is invalid.
Line 41: The property name FCOL in cmdCalendarioDataF is invalid.
Line 42: The property name FCOLO in cmdCalendarioDataF is invalid.
Line 43: The property name MCOL in cmdCalendarioDataF is invalid.
Line 44: The property name MPTR in cmdCalendarioDataF is invalid.
Line 45: The property name MICON in cmdCalendarioDataF is invalid.
Line 46: The property name UMCOL in cmdCalendarioDataF is invalid.
Line 47: The property name SOFT in cmdCalendarioDataF is invalid.
Line 48: The property name PICPOS in cmdCalendarioDataF is invalid.
Line 49: The property name NGREY in cmdCalendarioDataF is invalid.
Line 50: The property name FX in cmdCalendarioDataF is invalid.
Line 51: The property name HAND in cmdCalendarioDataF is invalid.
Line 52: The property name CHECK in cmdCalendarioDataF is invalid.
Line 53: The property name VALUE in cmdCalendarioDataF is invalid.
Line 61: The property name _ExtentX in cmdCalendarioDataI is invalid.
Line 62: The property name _ExtentY in cmdCalendarioDataI is invalid.
Line 63: The property name BTYPE in cmdCalendarioDataI is invalid.
Line 64: The property name TX in cmdCalendarioDataI is invalid.
Line 65: The property name ENAB in cmdCalendarioDataI is invalid.
Line 75: The property name COLTYPE in cmdCalendarioDataI is invalid.
Line 76: The property name FOCUSR in cmdCalendarioDataI is invalid.
Line 77: The property name BCOL in cmdCalendarioDataI is invalid.
Line 78: The property name BCOLO in cmdCalendarioDataI is invalid.
Line 79: The property name FCOL in cmdCalendarioDataI is invalid.
Line 80: The property name FCOLO in cmdCalendarioDataI is invalid.
Line 81: The property name MCOL in cmdCalendarioDataI is invalid.
Line 82: The property name MPTR in cmdCalendarioDataI is invalid.
Line 83: The property name MICON in cmdCalendarioDataI is invalid.
Line 84: The property name UMCOL in cmdCalendarioDataI is invalid.
Line 85: The property name SOFT in cmdCalendarioDataI is invalid.
Line 86: The property name PICPOS in cmdCalendarioDataI is invalid.
Line 87: The property name NGREY in cmdCalendarioDataI is invalid.
Line 88: The property name FX in cmdCalendarioDataI is invalid.
Line 89: The property name HAND in cmdCalendarioDataI is invalid.
Line 90: The property name CHECK in cmdCalendarioDataI is invalid.
Line 91: The property name VALUE in cmdCalendarioDataI is invalid.
Line 191: The property name _ExtentX in txtNomeLivro is invalid.
Line 192: The property name _ExtentY in txtNomeLivro is invalid.
Line 193: The property name BackColorGotFocus in txtNomeLivro is invalid.
Line 194: The property name BackColor_MouseMove in txtNomeLivro is invalid.
Line 196: The property name Alignment in txtNomeLivro is invalid.
Line 201: The property name AutoSelect in txtNomeLivro is invalid.
Line 202: The property name DateFormat in txtNomeLivro is invalid.
Line 203: The property name FormatoExibData in txtNomeLivro is invalid.
Line 204: The property name tipoLetra in txtNomeLivro is invalid.
Line 205: The property name Calendar_FormBackcolor in txtNomeLivro is invalid.
Line 206: The property name Calendar_BackColor in txtNomeLivro is invalid.
Line 207: The property name Calendar_ColorWeekDay in txtNomeLivro is invalid.
Line 208: The property name Calendar_Selected in txtNomeLivro is invalid.
Line 260: The property name _ExtentX in txtNomeAluno is invalid.
Line 261: The property name _ExtentY in txtNomeAluno is invalid.
Line 262: The property name BackColorGotFocus in txtNomeAluno is invalid.
Line 263: The property name BackColor_MouseMove in txtNomeAluno is invalid.
Line 265: The property name Alignment in txtNomeAluno is invalid.
Line 270: The property name AutoSelect in txtNomeAluno is invalid.
Line 271: The property name DateFormat in txtNomeAluno is invalid.
Line 272: The property name FormatoExibData in txtNomeAluno is invalid.
Line 273: The property name tipoLetra in txtNomeAluno is invalid.
Line 274: The property name Calendar_FormBackcolor in txtNomeAluno is invalid.
Line 275: The property name Calendar_BackColor in txtNomeAluno is invalid.
Line 276: The property name Calendar_ColorWeekDay in txtNomeAluno is invalid.
Line 277: The property name Calendar_Selected in txtNomeAluno is invalid.
Line 321: The property name _ExtentX in txtDataEmprestimoFinal is invalid.
Line 322: The property name _ExtentY in txtDataEmprestimoFinal is invalid.
Line 323: The property name Text in txtDataEmprestimoFinal is invalid.
Line 324: The property name BackColorGotFocus in txtDataEmprestimoFinal is invalid.
Line 325: The property name BackColor_MouseMove in txtDataEmprestimoFinal is invalid.
Line 326: The property name MaxLength in txtDataEmprestimoFinal is invalid.
Line 328: The property name Alignment in txtDataEmprestimoFinal is invalid.
Line 333: The property name TextType in txtDataEmprestimoFinal is invalid.
Line 334: The property name AutoSelect in txtDataEmprestimoFinal is invalid.
Line 335: The property name Mask in txtDataEmprestimoFinal is invalid.
Line 336: The property name DateFormat in txtDataEmprestimoFinal is invalid.
Line 337: The property name FormatoExibData in txtDataEmprestimoFinal is invalid.
Line 338: The property name Calendar_FormBackcolor in txtDataEmprestimoFinal is invalid.
Line 339: The property name Calendar_BackColor in txtDataEmprestimoFinal is invalid.
Line 340: The property name Calendar_ColorWeekDay in txtDataEmprestimoFinal is invalid.
Line 341: The property name Calendar_Selected in txtDataEmprestimoFinal is invalid.
Line 349: The property name _ExtentX in txtDataEmprestimoInicial is invalid.
Line 350: The property name _ExtentY in txtDataEmprestimoInicial is invalid.
Line 351: The property name Text in txtDataEmprestimoInicial is invalid.
Line 352: The property name BackColorGotFocus in txtDataEmprestimoInicial is invalid.
Line 353: The property name BackColor_MouseMove in txtDataEmprestimoInicial is invalid.
Line 354: The property name MaxLength in txtDataEmprestimoInicial is invalid.
Line 356: The property name Alignment in txtDataEmprestimoInicial is invalid.
Line 361: The property name TextType in txtDataEmprestimoInicial is invalid.
Line 362: The property name AutoSelect in txtDataEmprestimoInicial is invalid.
Line 363: The property name Mask in txtDataEmprestimoInicial is invalid.
Line 364: The property name DateFormat in txtDataEmprestimoInicial is invalid.
Line 365: The property name FormatoExibData in txtDataEmprestimoInicial is invalid.
Line 366: The property name Calendar_FormBackcolor in txtDataEmprestimoInicial is invalid.
Line 367: The property name Calendar_BackColor in txtDataEmprestimoInicial is invalid.
Line 368: The property name Calendar_ColorWeekDay in txtDataEmprestimoInicial is invalid.
Line 369: The property name Calendar_Selected in txtDataEmprestimoInicial is invalid.
Line 415: The property name _ExtentX in cmdImprimir is invalid.
Line 416: The property name _ExtentY in cmdImprimir is invalid.
Line 417: The property name BTYPE in cmdImprimir is invalid.
Line 418: The property name TX in cmdImprimir is invalid.
Line 419: The property name ENAB in cmdImprimir is invalid.
Line 429: The property name COLTYPE in cmdImprimir is invalid.
Line 430: The property name FOCUSR in cmdImprimir is invalid.
Line 431: The property name BCOL in cmdImprimir is invalid.
Line 432: The property name BCOLO in cmdImprimir is invalid.
Line 433: The property name FCOL in cmdImprimir is invalid.
Line 434: The property name FCOLO in cmdImprimir is invalid.
Line 435: The property name MCOL in cmdImprimir is invalid.
Line 436: The property name MPTR in cmdImprimir is invalid.
Line 437: The property name MICON in cmdImprimir is invalid.
Line 438: The property name PICN in cmdImprimir is invalid.
Line 439: The property name UMCOL in cmdImprimir is invalid.
Line 440: The property name SOFT in cmdImprimir is invalid.
Line 441: The property name PICPOS in cmdImprimir is invalid.
Line 442: The property name NGREY in cmdImprimir is invalid.
Line 443: The property name FX in cmdImprimir is invalid.
Line 444: The property name HAND in cmdImprimir is invalid.
Line 445: The property name CHECK in cmdImprimir is invalid.
Line 446: The property name VALUE in cmdImprimir is invalid.
Line 454: The property name _ExtentX in cmdVoltar is invalid.
Line 455: The property name _ExtentY in cmdVoltar is invalid.
Line 456: The property name BTYPE in cmdVoltar is invalid.
Line 457: The property name TX in cmdVoltar is invalid.
Line 458: The property name ENAB in cmdVoltar is invalid.
Line 468: The property name COLTYPE in cmdVoltar is invalid.
Line 469: The property name FOCUSR in cmdVoltar is invalid.
Line 470: The property name BCOL in cmdVoltar is invalid.
Line 471: The property name BCOLO in cmdVoltar is invalid.
Line 472: The property name FCOL in cmdVoltar is invalid.
Line 473: The property name FCOLO in cmdVoltar is invalid.
Line 474: The property name MCOL in cmdVoltar is invalid.
Line 475: The property name MPTR in cmdVoltar is invalid.
Line 476: The property name MICON in cmdVoltar is invalid.
Line 477: The property name PICN in cmdVoltar is invalid.
Line 478: The property name UMCOL in cmdVoltar is invalid.
Line 479: The property name SOFT in cmdVoltar is invalid.
Line 480: The property name PICPOS in cmdVoltar is invalid.
Line 481: The property name NGREY in cmdVoltar is invalid.
Line 482: The property name FX in cmdVoltar is invalid.
Line 483: The property name HAND in cmdVoltar is invalid.
Line 484: The property name CHECK in cmdVoltar is invalid.
Line 485: The property name VALUE in cmdVoltar is invalid.
