Line 17: Class cTextBox.cText of control txtSenha was not a loaded control class.
Line 42: Class cTextBox.cText of control txtUsuario was not a loaded control class.
Line 77: Class ChamaleonBtn.chameleonButton of control cmdLogar was not a loaded control class.
Line 117: Class ChamaleonBtn.chameleonButton of control cmdSair was not a loaded control class.
Line 23: The property name _ExtentX in txtSenha is invalid.
Line 24: The property name _ExtentY in txtSenha is invalid.
Line 25: The property name BackColorGotFocus in txtSenha is invalid.
Line 26: The property name PasswordChar in txtSenha is invalid.
Line 28: The property name Alignment in txtSenha is invalid.
Line 34: The property name DateFormat in txtSenha is invalid.
Line 35: The property name FormatoExibData in txtSenha is invalid.
Line 36: The property name tipoLetra in txtSenha is invalid.
Line 37: The property name Calendar_FormBackcolor in txtSenha is invalid.
Line 38: The property name Calendar_BackColor in txtSenha is invalid.
Line 39: The property name Calendar_ColorWeekDay in txtSenha is invalid.
Line 40: The property name Calendar_Selected in txtSenha is invalid.
Line 48: The property name _ExtentX in txtUsuario is invalid.
Line 49: The property name _ExtentY in txtUsuario is invalid.
Line 50: The property name BackColorGotFocus in txtUsuario is invalid.
Line 52: The property name Alignment in txtUsuario is invalid.
Line 58: The property name DateFormat in txtUsuario is invalid.
Line 59: The property name FormatoExibData in txtUsuario is invalid.
Line 60: The property name tipoLetra in txtUsuario is invalid.
Line 61: The property name Calendar_FormBackcolor in txtUsuario is invalid.
Line 62: The property name Calendar_BackColor in txtUsuario is invalid.
Line 63: The property name Calendar_ColorWeekDay in txtUsuario is invalid.
Line 64: The property name Calendar_Selected in txtUsuario is invalid.
Line 84: The property name _ExtentX in cmdLogar is invalid.
Line 85: The property name _ExtentY in cmdLogar is invalid.
Line 86: The property name BTYPE in cmdLogar is invalid.
Line 87: The property name TX in cmdLogar is invalid.
Line 88: The property name ENAB in cmdLogar is invalid.
Line 98: The property name COLTYPE in cmdLogar is invalid.
Line 99: The property name FOCUSR in cmdLogar is invalid.
Line 100: The property name BCOL in cmdLogar is invalid.
Line 101: The property name BCOLO in cmdLogar is invalid.
Line 102: The property name FCOL in cmdLogar is invalid.
Line 103: The property name FCOLO in cmdLogar is invalid.
Line 104: The property name MCOL in cmdLogar is invalid.
Line 105: The property name MPTR in cmdLogar is invalid.
Line 106: The property name MICON in cmdLogar is invalid.
Line 107: The property name PICN in cmdLogar is invalid.
Line 108: The property name UMCOL in cmdLogar is invalid.
Line 109: The property name SOFT in cmdLogar is invalid.
Line 110: The property name PICPOS in cmdLogar is invalid.
Line 111: The property name NGREY in cmdLogar is invalid.
Line 112: The property name FX in cmdLogar is invalid.
Line 113: The property name HAND in cmdLogar is invalid.
Line 114: The property name CHECK in cmdLogar is invalid.
Line 115: The property name VALUE in cmdLogar is invalid.
Line 124: The property name _ExtentX in cmdSair is invalid.
Line 125: The property name _ExtentY in cmdSair is invalid.
Line 126: The property name BTYPE in cmdSair is invalid.
Line 127: The property name TX in cmdSair is invalid.
Line 128: The property name ENAB in cmdSair is invalid.
Line 138: The property name COLTYPE in cmdSair is invalid.
Line 139: The property name FOCUSR in cmdSair is invalid.
Line 140: The property name BCOL in cmdSair is invalid.
Line 141: The property name BCOLO in cmdSair is invalid.
Line 142: The property name FCOL in cmdSair is invalid.
Line 143: The property name FCOLO in cmdSair is invalid.
Line 144: The property name MCOL in cmdSair is invalid.
Line 145: The property name MPTR in cmdSair is invalid.
Line 146: The property name MICON in cmdSair is invalid.
Line 147: The property name PICN in cmdSair is invalid.
Line 148: The property name UMCOL in cmdSair is invalid.
Line 149: The property name SOFT in cmdSair is invalid.
Line 150: The property name PICPOS in cmdSair is invalid.
Line 151: The property name NGREY in cmdSair is invalid.
Line 152: The property name FX in cmdSair is invalid.
Line 153: The property name HAND in cmdSair is invalid.
Line 154: The property name CHECK in cmdSair is invalid.
Line 155: The property name VALUE in cmdSair is invalid.
